<?xml version="1.0" encoding="UTF-8"?>
<!-- Generated by org.testng.reporters.JUnitReportReporter -->
<testsuite hostname="DESKTOP-UCH59L2" failures="0" tests="1" name="com.TestCasesFlipkart.TC_001_SearchPage" time="4.397" errors="0" timestamp="2025-05-12T15:11:02 IST" skipped="0">
  <testcase classname="com.TestCasesFlipkart.TC_001_SearchPage" name="searchProduct" time="4.397"/>
</testsuite> <!-- com.TestCasesFlipkart.TC_001_SearchPage -->
