<?xml version="1.0" encoding="UTF-8"?>
<!-- Generated by org.testng.reporters.JUnitReportReporter -->
<testsuite hostname="DESKTOP-UCH59L2" failures="0" tests="2" name="com.TestCasesFlipkart.TC_002GetIphone14Details" time="4.327" errors="0" timestamp="2025-05-12T15:32:12 IST" skipped="0">
  <testcase classname="com.TestCasesFlipkart.TC_002GetIphone14Details" name="GetDetail14" time="0.160"/>
  <testcase classname="com.TestCasesFlipkart.TC_002GetIphone14Details" name="searchProduct" time="4.167"/>
</testsuite> <!-- com.TestCasesFlipkart.TC_002GetIphone14Details -->
